<?xml version="1.0" encoding="UTF-8"?>
<!-- Generated by org.testng.reporters.JUnitReportReporter -->
<testsuite hostname="BLT0005-PC" name="Basictest.Unittest" tests="1" failures="0" timestamp="18 Apr 2016 11:19:42 GMT" time="30.628" errors="0">
  <testcase name="f" time="30.628" classname="Basictest.Unittest"/>
</testsuite> <!-- Basictest.Unittest -->
